Flutter crash report.
Please report a bug at https://github.com/flutter/flutter/issues.

## command

flutter pub get --no-example

## exception

FormatException: FormatException: Unexpected end of input (at character 1)

^


```
#0      _ChunkedJsonParser.fail (dart:convert-patch/convert_patch.dart:1467:5)
#1      _ChunkedJsonParser.close (dart:convert-patch/convert_patch.dart:497:7)
#2      _parseJson (dart:convert-patch/convert_patch.dart:36:10)
#3      JsonDecoder.convert (dart:convert/json.dart:641:36)
#4      JsonCodec.decode (dart:convert/json.dart:223:41)
#5      createPluginSymlinks (package:flutter_tools/src/flutter_plugins.dart:1054:29)
#6      refreshPluginsList (package:flutter_tools/src/flutter_plugins.dart:1192:5)
<asynchronous suspension>
#7      FlutterProject.ensureReadyForPlatformSpecificTooling (package:flutter_tools/src/project.dart:376:5)
<asynchronous suspension>
#8      PackagesGetCommand.runCommand (package:flutter_tools/src/commands/packages.dart:395:9)
<asynchronous suspension>
#9      FlutterCommand.run.<anonymous closure> (package:flutter_tools/src/runner/flutter_command.dart:1581:27)
<asynchronous suspension>
#10     AppContext.run.<anonymous closure> (package:flutter_tools/src/base/context.dart:154:19)
<asynchronous suspension>
#11     CommandRunner.runCommand (package:args/command_runner.dart:212:13)
<asynchronous suspension>
#12     FlutterCommandRunner.runCommand.<anonymous closure> (package:flutter_tools/src/runner/flutter_command_runner.dart:503:9)
<asynchronous suspension>
#13     AppContext.run.<anonymous closure> (package:flutter_tools/src/base/context.dart:154:19)
<asynchronous suspension>
#14     FlutterCommandRunner.runCommand (package:flutter_tools/src/runner/flutter_command_runner.dart:438:5)
<asynchronous suspension>
#15     run.<anonymous closure>.<anonymous closure> (package:flutter_tools/runner.dart:98:11)
<asynchronous suspension>
#16     AppContext.run.<anonymous closure> (package:flutter_tools/src/base/context.dart:154:19)
<asynchronous suspension>
#17     main (package:flutter_tools/executable.dart:101:3)
<asynchronous suspension>
```

## flutter doctor

```
[✓] Flutter (Channel stable, 3.35.6, on Microsoft Windows [Version 10.0.26100.6899], locale ko-KR) [2.0s]
    • Flutter version 3.35.6 on channel stable at C:\flutter
    • Upstream repository https://github.com/flutter/flutter.git
    • Framework revision 9f455d2486 (11 days ago), 2025-10-08 14:55:31 -0500
    • Engine revision d2913632a4
    • Dart version 3.9.2
    • DevTools version 2.48.0
    • Feature flags: enable-web, enable-linux-desktop, enable-macos-desktop, enable-windows-desktop, enable-android, enable-ios, cli-animations, enable-lldb-debugging

[✓] Windows Version (11 Pro 64-bit, 24H2, 2009) [5.1s]

[✓] Android toolchain - develop for Android devices (Android SDK version 36.0.0) [5.8s]
    • Android SDK at C:\Users\mslk\AppData\Local\Android\sdk
    • Emulator version 36.1.9.0 (build_id 13823996) (CL:N/A)
    • Platform android-36, build-tools 36.0.0
    • Java binary at: C:\Program Files\Android\Android Studio\jbr\bin\java
      This is the JDK bundled with the latest Android Studio installation on this machine.
      To manually set the JDK path, use: `flutter config --jdk-dir="path/to/jdk"`.
    • Java version OpenJDK Runtime Environment (build 21.0.7+-13880790-b1038.58)
    • All Android licenses accepted.

[✓] Chrome - develop for the web [1,664ms]
    • Chrome at C:\Program Files\Google\Chrome\Application\chrome.exe

[✓] Visual Studio - develop Windows apps (Visual Studio Community 2022 17.14.13 (August 2025)) [1,663ms]
    • Visual Studio at C:\Program Files\Microsoft Visual Studio\2022\Community
    • Visual Studio Community 2022 version 17.14.36414.22
    • Windows 10 SDK version 10.0.26100.0

[✓] Android Studio (version 2025.1.3) [10ms]
    • Android Studio at C:\Program Files\Android\Android Studio
    • Flutter plugin can be installed from:
      🔨 https://plugins.jetbrains.com/plugin/9212-flutter
    • Dart plugin can be installed from:
      🔨 https://plugins.jetbrains.com/plugin/6351-dart
    • Java version OpenJDK Runtime Environment (build 21.0.7+-13880790-b1038.58)

[✓] IntelliJ IDEA Community Edition (version 2025.1) [9ms]
    • IntelliJ at C:\Program Files\JetBrains\IntelliJ IDEA Community Edition 2025.1.3
    • Flutter plugin can be installed from:
      🔨 https://plugins.jetbrains.com/plugin/9212-flutter
    • Dart plugin can be installed from:
      🔨 https://plugins.jetbrains.com/plugin/6351-dart

[✓] VS Code (version 1.102.1) [8ms]
    • VS Code at C:\Users\mslk\AppData\Local\Programs\Microsoft VS Code
    • Flutter extension can be installed from:
      🔨 https://marketplace.visualstudio.com/items?itemName=Dart-Code.flutter

[✓] Connected device (4 available) [454ms]
    • TB320FC (mobile)  • HA20FDN6 • android-arm64  • Android 15 (API 35)
    • Windows (desktop) • windows  • windows-x64    • Microsoft Windows [Version 10.0.26100.6899]
    • Chrome (web)      • chrome   • web-javascript • Google Chrome 141.0.7390.108
    • Edge (web)        • edge     • web-javascript • Microsoft Edge 140.0.3485.94

[✓] Network resources [969ms]
    • All expected network resources are available.

• No issues found!
```
